2020-06-27 16:20:05 DEBUG TestBase:42 - started launching the browser and application:::
2020-06-27 16:20:05 DEBUG TestBase:29 - started the getting the key value::browser
2020-06-27 16:20:05 DEBUG TestBase:30 - create object for the Properties class
2020-06-27 16:20:05 DEBUG TestBase:32 - read the properties file
2020-06-27 16:20:05 DEBUG TestBase:34 - load the properties
2020-06-27 16:20:05 DEBUG TestBase:49 - launching chrome brower:::
2020-06-27 16:20:12 DEBUG TestBase:64 - maximize the window
2020-06-27 16:20:15 DEBUG TestBase:66 - add implicit wait
2020-06-27 16:20:15 DEBUG TestBase:68 - create Object for WebDriverWait class
2020-06-27 16:20:15 DEBUG TestBase:29 - started the getting the key value::url
2020-06-27 16:20:15 DEBUG TestBase:30 - create object for the Properties class
2020-06-27 16:20:15 DEBUG TestBase:32 - read the properties file
2020-06-27 16:20:15 DEBUG TestBase:34 - load the properties
2020-06-27 16:20:15 DEBUG TestBase:70 - Open the application url:https://linkedin.com
2020-06-27 16:20:15 DEBUG TestBase:29 - started the getting the key value::url
2020-06-27 16:20:15 DEBUG TestBase:30 - create object for the Properties class
2020-06-27 16:20:15 DEBUG TestBase:32 - read the properties file
2020-06-27 16:20:15 DEBUG TestBase:34 - load the properties
2020-06-27 16:20:17 DEBUG SearchDDTest:30 - Object initilization...
2020-06-27 16:20:17 DEBUG SearchDDTest:34 - Linkedin home page title verification starts
2020-06-27 16:20:17 DEBUG LinkdinHomePage:38 - verifying the Linkedin Home page title
2020-06-27 16:20:18 DEBUG LinkdinHomePage:44 - verify the linkedin logo in home page
2020-06-27 16:20:18 DEBUG SearchDDTest:37 - do a click action on Sign in link
2020-06-27 16:20:18 DEBUG LinkdinHomePage:51 - performing the click action on signin Link
2020-06-27 16:20:19 DEBUG SearchDDTest:39 - Linkedin login page title verification starts
2020-06-27 16:20:19 DEBUG LinkdinHomePage:58 - verifying the Linkedin Login page title
2020-06-27 16:20:19 DEBUG LinkdinHomePage:64 - verify the linkedin login page - welcomeBack header text
2020-06-27 16:20:20 DEBUG SearchDDTest:42 - do login process for site
2020-06-27 16:20:20 DEBUG TestBase:29 - started the getting the key value::email
2020-06-27 16:20:20 DEBUG TestBase:30 - create object for the Properties class
2020-06-27 16:20:20 DEBUG TestBase:32 - read the properties file
2020-06-27 16:20:20 DEBUG TestBase:34 - load the properties
2020-06-27 16:20:20 DEBUG TestBase:29 - started the getting the key value::pwd
2020-06-27 16:20:20 DEBUG TestBase:30 - create object for the Properties class
2020-06-27 16:20:20 DEBUG TestBase:32 - read the properties file
2020-06-27 16:20:20 DEBUG TestBase:34 - load the properties
2020-06-27 16:20:20 DEBUG LinkdinHomePage:78 - started logging to the Linkedin website
2020-06-27 16:20:20 DEBUG LinkdinHomePage:79 - clear the content in email editbox
2020-06-27 16:20:21 DEBUG LinkdinHomePage:81 - type the value: rameshqaonline@gmail.com in email editbox
2020-06-27 16:20:21 DEBUG LinkdinHomePage:83 - clear the content in password editbox
2020-06-27 16:20:21 DEBUG LinkdinHomePage:85 - type the value: welcome123$ in password editbox
2020-06-27 16:20:22 DEBUG LinkdinHomePage:70 - performing the click action on signin Button
2020-06-27 16:20:33 DEBUG SearchDDTest:44 - verify the profile rail card
2020-06-27 16:20:33 DEBUG LinkedinInboxPage:32 - verify the profile raild card in linkedin loggedin page
2020-06-27 16:20:34 DEBUG ExcelUtils:29 - Specify the path of file :D:\eclipseworkspaceAug2018\LavanyaHybridFramework-June202020\src\test\java\com\qa\linkedin\data\testdata.xlsx
2020-06-27 16:20:34 DEBUG ExcelUtils:32 - read the file
2020-06-27 16:20:34 DEBUG ExcelUtils:34 - Load workbook
2020-06-27 16:20:35 DEBUG ExcelUtils:39 - fetch the row count
2020-06-27 16:20:35 DEBUG ExcelUtils:41 - number of rows in the excel sheet is-->4
2020-06-27 16:20:35 DEBUG ExcelUtils:43 - number of columns in the excel sheet is -->1
2020-06-27 16:20:35 DEBUG SearchDDTest:51 - started the searchTest for :Lavanya
2020-06-27 16:20:35 DEBUG LinkedinInboxPage:38 - performing the people search for :Lavanya
2020-06-27 16:20:35 DEBUG LinkedinInboxPage:39 - clear the content in search editbox
2020-06-27 16:20:36 DEBUG LinkedinInboxPage:41 - type the search keyword:Lavanya in search editbox
2020-06-27 16:20:36 DEBUG LinkedinInboxPage:43 - press the ENTER key from keyboard
2020-06-27 16:20:39 DEBUG SearchDDTest:53 - navigate to search results page and verify the page title
2020-06-27 16:20:39 DEBUG SearchResultsPage:26 - verifying the verifySearchResultsPageTitle
2020-06-27 16:20:40 DEBUG SearchResultsPage:33 - fetch the results count text
2020-06-27 16:20:40 DEBUG SearchResultsPage:35 - search results text is-->Showing 33,767 results
2020-06-27 16:20:40 DEBUG SearchResultsPage:38 - search results count :33,767
2020-06-27 16:20:40 DEBUG SearchDDTest:56 - search results count for:Lavanya is: 33767
2020-06-27 16:20:40 DEBUG SearchDDTest:57 - navigate to linkedin loggedin page by clicking on HomeTab
2020-06-27 16:20:40 DEBUG SearchResultsPage:44 - performing the click action on HomeTab...
2020-06-27 16:20:41 DEBUG SearchDDTest:51 - started the searchTest for :Ramesh
2020-06-27 16:20:41 DEBUG LinkedinInboxPage:38 - performing the people search for :Ramesh
2020-06-27 16:20:41 DEBUG LinkedinInboxPage:39 - clear the content in search editbox
2020-06-27 16:20:41 DEBUG LinkedinInboxPage:41 - type the search keyword:Ramesh in search editbox
2020-06-27 16:20:42 DEBUG LinkedinInboxPage:43 - press the ENTER key from keyboard
2020-06-27 16:20:44 DEBUG SearchDDTest:53 - navigate to search results page and verify the page title
2020-06-27 16:20:44 DEBUG SearchResultsPage:26 - verifying the verifySearchResultsPageTitle
2020-06-27 16:20:45 DEBUG SearchResultsPage:33 - fetch the results count text
2020-06-27 16:20:45 DEBUG SearchResultsPage:35 - search results text is-->Showing 255,616 results
2020-06-27 16:20:45 DEBUG SearchResultsPage:38 - search results count :255,616
2020-06-27 16:20:45 DEBUG SearchDDTest:56 - search results count for:Ramesh is: 255616
2020-06-27 16:20:45 DEBUG SearchDDTest:57 - navigate to linkedin loggedin page by clicking on HomeTab
2020-06-27 16:20:45 DEBUG SearchResultsPage:44 - performing the click action on HomeTab...
2020-06-27 16:20:46 DEBUG SearchDDTest:51 - started the searchTest for :Rahul
2020-06-27 16:20:46 DEBUG LinkedinInboxPage:38 - performing the people search for :Rahul
2020-06-27 16:20:46 DEBUG LinkedinInboxPage:39 - clear the content in search editbox
2020-06-27 16:20:47 DEBUG LinkedinInboxPage:41 - type the search keyword:Rahul in search editbox
2020-06-27 16:20:48 DEBUG LinkedinInboxPage:43 - press the ENTER key from keyboard
2020-06-27 16:20:50 DEBUG SearchDDTest:53 - navigate to search results page and verify the page title
2020-06-27 16:20:50 DEBUG SearchResultsPage:26 - verifying the verifySearchResultsPageTitle
2020-06-27 16:20:50 DEBUG SearchResultsPage:33 - fetch the results count text
2020-06-27 16:20:50 DEBUG SearchResultsPage:35 - search results text is-->Showing 515,667 results
2020-06-27 16:20:50 DEBUG SearchResultsPage:38 - search results count :515,667
2020-06-27 16:20:50 DEBUG SearchDDTest:56 - search results count for:Rahul is: 515667
2020-06-27 16:20:50 DEBUG SearchDDTest:57 - navigate to linkedin loggedin page by clicking on HomeTab
2020-06-27 16:20:50 DEBUG SearchResultsPage:44 - performing the click action on HomeTab...
2020-06-27 16:20:51 DEBUG SearchDDTest:51 - started the searchTest for :Raghu
2020-06-27 16:20:51 DEBUG LinkedinInboxPage:38 - performing the people search for :Raghu
2020-06-27 16:20:51 DEBUG LinkedinInboxPage:39 - clear the content in search editbox
2020-06-27 16:20:51 DEBUG LinkedinInboxPage:41 - type the search keyword:Raghu in search editbox
2020-06-27 16:20:52 DEBUG LinkedinInboxPage:43 - press the ENTER key from keyboard
2020-06-27 16:20:54 DEBUG SearchDDTest:53 - navigate to search results page and verify the page title
2020-06-27 16:20:54 DEBUG SearchResultsPage:26 - verifying the verifySearchResultsPageTitle
2020-06-27 16:20:55 DEBUG SearchResultsPage:33 - fetch the results count text
2020-06-27 16:20:55 DEBUG SearchResultsPage:35 - search results text is-->Showing 54,088 results
2020-06-27 16:20:55 DEBUG SearchResultsPage:38 - search results count :54,088
2020-06-27 16:20:55 DEBUG SearchDDTest:56 - search results count for:Raghu is: 54088
2020-06-27 16:20:55 DEBUG SearchDDTest:57 - navigate to linkedin loggedin page by clicking on HomeTab
2020-06-27 16:20:55 DEBUG SearchResultsPage:44 - performing the click action on HomeTab...
2020-06-27 16:20:56 DEBUG SearchDDTest:72 - perform the logout task
2020-06-27 16:20:56 DEBUG LinkedinInboxPage:50 - performing the sign out from logged in page
2020-06-27 16:20:56 DEBUG LinkedinInboxPage:51 - click on Profile image icon
2020-06-27 16:20:57 DEBUG LinkedinInboxPage:54 - wait for the sign out link
2020-06-27 16:20:58 DEBUG LinkedinInboxPage:56 - click on signout link
2020-06-27 16:21:00 DEBUG cache:45 - Couldn't find template in cache for "v3html/v3-html-index.ftl"("en", UTF-8, parsed); will try to load it.
2020-06-27 16:21:00 DEBUG cache:45 - TemplateLoader.findTemplateSource("v3html/v3-html-index_en.ftl"): Not found
2020-06-27 16:21:00 DEBUG cache:45 - TemplateLoader.findTemplateSource("v3html/v3-html-index.ftl"): Found
2020-06-27 16:21:00 DEBUG cache:45 - Loading template for "v3html/v3-html-index.ftl"("en", UTF-8, parsed) from "jar:file:/C:/Users/LENOVO/.m2/repository/com/aventstack/extentreports/4.0.9/extentreports-4.0.9.jar!/com/aventstack/extentreports/view/v3html/v3-html-index.ftl"
2020-06-27 16:21:00 DEBUG cache:45 - Couldn't find template in cache for "v3html/v3-html-head.ftl"("en", UTF-8, parsed); will try to load it.
2020-06-27 16:21:00 DEBUG cache:45 - TemplateLoader.findTemplateSource("v3html/v3-html-head_en.ftl"): Not found
2020-06-27 16:21:00 DEBUG cache:45 - TemplateLoader.findTemplateSource("v3html/v3-html-head.ftl"): Found
2020-06-27 16:21:00 DEBUG cache:45 - Loading template for "v3html/v3-html-head.ftl"("en", UTF-8, parsed) from "jar:file:/C:/Users/LENOVO/.m2/repository/com/aventstack/extentreports/4.0.9/extentreports-4.0.9.jar!/com/aventstack/extentreports/view/v3html/v3-html-head.ftl"
2020-06-27 16:21:01 DEBUG cache:45 - Couldn't find template in cache for "v3html/v3-html-nav.ftl"("en", UTF-8, parsed); will try to load it.
2020-06-27 16:21:01 DEBUG cache:45 - TemplateLoader.findTemplateSource("v3html/v3-html-nav_en.ftl"): Not found
2020-06-27 16:21:01 DEBUG cache:45 - TemplateLoader.findTemplateSource("v3html/v3-html-nav.ftl"): Found
2020-06-27 16:21:01 DEBUG cache:45 - Loading template for "v3html/v3-html-nav.ftl"("en", UTF-8, parsed) from "jar:file:/C:/Users/LENOVO/.m2/repository/com/aventstack/extentreports/4.0.9/extentreports-4.0.9.jar!/com/aventstack/extentreports/view/v3html/v3-html-nav.ftl"
2020-06-27 16:21:01 DEBUG cache:45 - Couldn't find template in cache for "v3html/test-view/v3-html-test-view.ftl"("en", UTF-8, parsed); will try to load it.
2020-06-27 16:21:01 DEBUG cache:45 - TemplateLoader.findTemplateSource("v3html/test-view/v3-html-test-view_en.ftl"): Not found
2020-06-27 16:21:01 DEBUG cache:45 - TemplateLoader.findTemplateSource("v3html/test-view/v3-html-test-view.ftl"): Found
2020-06-27 16:21:01 DEBUG cache:45 - Loading template for "v3html/test-view/v3-html-test-view.ftl"("en", UTF-8, parsed) from "jar:file:/C:/Users/LENOVO/.m2/repository/com/aventstack/extentreports/4.0.9/extentreports-4.0.9.jar!/com/aventstack/extentreports/view/v3html/test-view/v3-html-test-view.ftl"
2020-06-27 16:21:01 DEBUG cache:45 - Couldn't find template in cache for "v3html/test-view/v3-html-test-view-charts.ftl"("en", UTF-8, parsed); will try to load it.
2020-06-27 16:21:01 DEBUG cache:45 - TemplateLoader.findTemplateSource("v3html/test-view/v3-html-test-view-charts_en.ftl"): Not found
2020-06-27 16:21:01 DEBUG cache:45 - TemplateLoader.findTemplateSource("v3html/test-view/v3-html-test-view-charts.ftl"): Found
2020-06-27 16:21:01 DEBUG cache:45 - Loading template for "v3html/test-view/v3-html-test-view-charts.ftl"("en", UTF-8, parsed) from "jar:file:/C:/Users/LENOVO/.m2/repository/com/aventstack/extentreports/4.0.9/extentreports-4.0.9.jar!/com/aventstack/extentreports/view/v3html/test-view/v3-html-test-view-charts.ftl"
2020-06-27 16:21:01 DEBUG cache:45 - Couldn't find template in cache for "v3html/test-view/v3-html-standard.ftl"("en", UTF-8, parsed); will try to load it.
2020-06-27 16:21:01 DEBUG cache:45 - TemplateLoader.findTemplateSource("v3html/test-view/v3-html-standard_en.ftl"): Not found
2020-06-27 16:21:01 DEBUG cache:45 - TemplateLoader.findTemplateSource("v3html/test-view/v3-html-standard.ftl"): Found
2020-06-27 16:21:01 DEBUG cache:45 - Loading template for "v3html/test-view/v3-html-standard.ftl"("en", UTF-8, parsed) from "jar:file:/C:/Users/LENOVO/.m2/repository/com/aventstack/extentreports/4.0.9/extentreports-4.0.9.jar!/com/aventstack/extentreports/view/v3html/test-view/v3-html-standard.ftl"
2020-06-27 16:21:01 DEBUG cache:45 - "v3html/test-view/v3-html-standard.ftl"("en", UTF-8, parsed) cached copy not yet stale; using cached.
2020-06-27 16:21:01 DEBUG cache:45 - "v3html/test-view/v3-html-standard.ftl"("en", UTF-8, parsed) cached copy not yet stale; using cached.
2020-06-27 16:21:01 DEBUG cache:45 - "v3html/test-view/v3-html-standard.ftl"("en", UTF-8, parsed) cached copy not yet stale; using cached.
2020-06-27 16:21:01 DEBUG cache:45 - Couldn't find template in cache for "v3html/category-view/v3-html-category-view.ftl"("en", UTF-8, parsed); will try to load it.
2020-06-27 16:21:01 DEBUG cache:45 - TemplateLoader.findTemplateSource("v3html/category-view/v3-html-category-view_en.ftl"): Not found
2020-06-27 16:21:01 DEBUG cache:45 - TemplateLoader.findTemplateSource("v3html/category-view/v3-html-category-view.ftl"): Found
2020-06-27 16:21:01 DEBUG cache:45 - Loading template for "v3html/category-view/v3-html-category-view.ftl"("en", UTF-8, parsed) from "jar:file:/C:/Users/LENOVO/.m2/repository/com/aventstack/extentreports/4.0.9/extentreports-4.0.9.jar!/com/aventstack/extentreports/view/v3html/category-view/v3-html-category-view.ftl"
2020-06-27 16:21:01 DEBUG cache:45 - Couldn't find template in cache for "v3html/exception-view/v3-html-exception-view.ftl"("en", UTF-8, parsed); will try to load it.
2020-06-27 16:21:01 DEBUG cache:45 - TemplateLoader.findTemplateSource("v3html/exception-view/v3-html-exception-view_en.ftl"): Not found
2020-06-27 16:21:01 DEBUG cache:45 - TemplateLoader.findTemplateSource("v3html/exception-view/v3-html-exception-view.ftl"): Found
2020-06-27 16:21:01 DEBUG cache:45 - Loading template for "v3html/exception-view/v3-html-exception-view.ftl"("en", UTF-8, parsed) from "jar:file:/C:/Users/LENOVO/.m2/repository/com/aventstack/extentreports/4.0.9/extentreports-4.0.9.jar!/com/aventstack/extentreports/view/v3html/exception-view/v3-html-exception-view.ftl"
2020-06-27 16:21:01 DEBUG cache:45 - Couldn't find template in cache for "v3html/author-view/v3-html-author-view.ftl"("en", UTF-8, parsed); will try to load it.
2020-06-27 16:21:01 DEBUG cache:45 - TemplateLoader.findTemplateSource("v3html/author-view/v3-html-author-view_en.ftl"): Not found
2020-06-27 16:21:01 DEBUG cache:45 - TemplateLoader.findTemplateSource("v3html/author-view/v3-html-author-view.ftl"): Found
2020-06-27 16:21:01 DEBUG cache:45 - Loading template for "v3html/author-view/v3-html-author-view.ftl"("en", UTF-8, parsed) from "jar:file:/C:/Users/LENOVO/.m2/repository/com/aventstack/extentreports/4.0.9/extentreports-4.0.9.jar!/com/aventstack/extentreports/view/v3html/author-view/v3-html-author-view.ftl"
2020-06-27 16:21:01 DEBUG cache:45 - Couldn't find template in cache for "v3html/dashboard-view/v3-html-dashboard-view.ftl"("en", UTF-8, parsed); will try to load it.
2020-06-27 16:21:01 DEBUG cache:45 - TemplateLoader.findTemplateSource("v3html/dashboard-view/v3-html-dashboard-view_en.ftl"): Not found
2020-06-27 16:21:01 DEBUG cache:45 - TemplateLoader.findTemplateSource("v3html/dashboard-view/v3-html-dashboard-view.ftl"): Found
2020-06-27 16:21:01 DEBUG cache:45 - Loading template for "v3html/dashboard-view/v3-html-dashboard-view.ftl"("en", UTF-8, parsed) from "jar:file:/C:/Users/LENOVO/.m2/repository/com/aventstack/extentreports/4.0.9/extentreports-4.0.9.jar!/com/aventstack/extentreports/view/v3html/dashboard-view/v3-html-dashboard-view.ftl"
2020-06-27 16:21:01 DEBUG cache:45 - Couldn't find template in cache for "v3html/logs-view/v3-html-testrunner-logs-view.ftl"("en", UTF-8, parsed); will try to load it.
2020-06-27 16:21:01 DEBUG cache:45 - TemplateLoader.findTemplateSource("v3html/logs-view/v3-html-testrunner-logs-view_en.ftl"): Not found
2020-06-27 16:21:01 DEBUG cache:45 - TemplateLoader.findTemplateSource("v3html/logs-view/v3-html-testrunner-logs-view.ftl"): Found
2020-06-27 16:21:01 DEBUG cache:45 - Loading template for "v3html/logs-view/v3-html-testrunner-logs-view.ftl"("en", UTF-8, parsed) from "jar:file:/C:/Users/LENOVO/.m2/repository/com/aventstack/extentreports/4.0.9/extentreports-4.0.9.jar!/com/aventstack/extentreports/view/v3html/logs-view/v3-html-testrunner-logs-view.ftl"
2020-06-27 16:21:01 DEBUG TestBase:76 - closing the browser:::
